[2017-08-07T12:19:00.633+0530] [] [INFO] [NCLS-GFLAUNCHER-00005] [javax.enterprise.launcher] [tid: _ThreadID=1 _ThreadName=main] [timeMillis: 1502088540633] [levelValue: 800] [[
  JVM invocation command line:
/usr/lib/jdk1.8.0_45/bin/java
-cp
/home/debayan/glassfish_github/glassfish_sample/glassfish-samples/ws/javaee8/concurrency/executor/target/cargo/installs/latest-glassfish/glassfish5/glassfish/modules/glassfish.jar
-XX:+UnlockDiagnosticVMOptions
-XX:NewRatio=2
-XX:MaxPermSize=192m
-Xmx512m
-client
-javaagent:/home/debayan/glassfish_github/glassfish_sample/glassfish-samples/ws/javaee8/concurrency/executor/target/cargo/installs/latest-glassfish/glassfish5/glassfish/lib/monitor/flashlight-agent.jar
-Djavax.xml.accessExternalSchema=all
-Djavax.net.ssl.trustStore=/home/debayan/glassfish_github/glassfish_sample/glassfish-samples/ws/javaee8/concurrency/executor/target/cargo/installs/glassfish/glassfish/domains/cargo-domain/config/cacerts.jks
-Djdk.tls.rejectClientInitiatedRenegotiation=true
-Djdk.corba.allowOutputStreamSubclass=true
-Dfelix.fileinstall.dir=/home/debayan/glassfish_github/glassfish_sample/glassfish-samples/ws/javaee8/concurrency/executor/target/cargo/installs/latest-glassfish/glassfish5/glassfish/modules/autostart/
-Dorg.glassfish.additionalOSGiBundlesToStart=org.apache.felix.shell,org.apache.felix.gogo.runtime,org.apache.felix.gogo.shell,org.apache.felix.gogo.command,org.apache.felix.shell.remote,org.apache.felix.fileinstall
-Dcom.sun.aas.installRoot=/home/debayan/glassfish_github/glassfish_sample/glassfish-samples/ws/javaee8/concurrency/executor/target/cargo/installs/latest-glassfish/glassfish5/glassfish
-Dfelix.fileinstall.poll=5000
-Djava.endorsed.dirs=/home/debayan/glassfish_github/glassfish_sample/glassfish-samples/ws/javaee8/concurrency/executor/target/cargo/installs/latest-glassfish/glassfish5/glassfish/modules/endorsed:/home/debayan/glassfish_github/glassfish_sample/glassfish-samples/ws/javaee8/concurrency/executor/target/cargo/installs/latest-glassfish/glassfish5/glassfish/lib/endorsed
-Djava.security.policy=/home/debayan/glassfish_github/glassfish_sample/glassfish-samples/ws/javaee8/concurrency/executor/target/cargo/installs/glassfish/glassfish/domains/cargo-domain/config/server.policy
-Dosgi.shell.telnet.maxconn=1
-Dfelix.fileinstall.bundles.startTransient=true
-Dcom.sun.enterprise.config.config_environment_factory_class=com.sun.enterprise.config.serverbeans.AppserverConfigEnvironmentFactory
-Dfelix.fileinstall.log.level=2
-Djavax.net.ssl.keyStore=/home/debayan/glassfish_github/glassfish_sample/glassfish-samples/ws/javaee8/concurrency/executor/target/cargo/installs/glassfish/glassfish/domains/cargo-domain/config/keystore.jks
-Djava.security.auth.login.config=/home/debayan/glassfish_github/glassfish_sample/glassfish-samples/ws/javaee8/concurrency/executor/target/cargo/installs/glassfish/glassfish/domains/cargo-domain/config/login.conf
-Dfelix.fileinstall.disableConfigSave=false
-Dfelix.fileinstall.bundles.new.start=true
-Dcom.sun.aas.instanceRoot=/home/debayan/glassfish_github/glassfish_sample/glassfish-samples/ws/javaee8/concurrency/executor/target/cargo/installs/glassfish/glassfish/domains/cargo-domain
-Dosgi.shell.telnet.port=6666
-Dgosh.args=--nointeractive
-Dcom.sun.enterprise.security.httpsOutboundKeyAlias=s1as
-Dosgi.shell.telnet.ip=127.0.0.1
-DANTLR_USE_DIRECT_CLASS_LOADING=true
-Djava.awt.headless=true
-Dcom.ctc.wstx.returnNullForDefaultNamespace=true
-Djava.ext.dirs=/usr/lib/jdk1.8.0_45/lib/ext:/usr/lib/jdk1.8.0_45/jre/lib/ext:/home/debayan/glassfish_github/glassfish_sample/glassfish-samples/ws/javaee8/concurrency/executor/target/cargo/installs/glassfish/glassfish/domains/cargo-domain/lib/ext
-Djdbc.drivers=org.apache.derby.jdbc.ClientDriver
-Djava.library.path=/home/debayan/glassfish_github/glassfish_sample/glassfish-samples/ws/javaee8/concurrency/executor/target/cargo/installs/latest-glassfish/glassfish5/glassfish/lib:/usr/java/packages/lib/amd64:/usr/lib64:/lib64:/lib:/usr/lib
com.sun.enterprise.glassfish.bootstrap.ASMain
-upgrade
false
-domaindir
/home/debayan/glassfish_github/glassfish_sample/glassfish-samples/ws/javaee8/concurrency/executor/target/cargo/installs/glassfish/glassfish/domains/cargo-domain
-read-stdin
true
-asadmin-args
--host,,,localhost,,,--port,,,4848,,,--secure=false,,,--terse=false,,,--echo=false,,,--interactive=false,,,start-domain,,,--verbose=false,,,--watchdog=false,,,--debug=false,,,--domaindir,,,/home/debayan/glassfish_github/glassfish_sample/glassfish-samples/ws/javaee8/concurrency/executor/target/cargo/installs/glassfish/glassfish/domains,,,cargo-domain
-domainname
cargo-domain
-instancename
server
-type
DAS
-verbose
false
-asadmin-classpath
/home/debayan/glassfish_github/glassfish_sample/glassfish-samples/ws/javaee8/concurrency/executor/target/cargo/installs/latest-glassfish/glassfish5/glassfish/modules/admin-cli.jar
-debug
false
-asadmin-classname
com.sun.enterprise.admin.cli.AdminMain]]

[2017-08-07T12:19:03.824+0530] [glassfish 5.0] [INFO] [NCLS-LOGGING-00009] [javax.enterprise.logging] [tid: _ThreadID=17 _ThreadName=RunLevelControllerThread-1502088543624] [timeMillis: 1502088543824] [levelValue: 800] [[
  Running GlassFish Version: GlassFish Server Open Source Edition  5.0  (build 17)]]

[2017-08-07T12:19:03.827+0530] [glassfish 5.0] [INFO] [NCLS-LOGGING-00010] [javax.enterprise.logging] [tid: _ThreadID=17 _ThreadName=RunLevelControllerThread-1502088543624] [timeMillis: 1502088543827] [levelValue: 800] [[
  Server log file is using Formatter class: com.sun.enterprise.server.logging.ODLLogFormatter]]

[2017-08-07T12:19:03.994+0530] [glassfish 5.0] [INFO] [NCLS-SECURITY-01115] [javax.enterprise.system.core.security] [tid: _ThreadID=18 _ThreadName=RunLevelControllerThread-1502088543631] [timeMillis: 1502088543994] [levelValue: 800] [[
  Realm [admin-realm] of classtype [com.sun.enterprise.security.auth.realm.file.FileRealm] successfully created.]]

[2017-08-07T12:19:03.996+0530] [glassfish 5.0] [INFO] [NCLS-SECURITY-01115] [javax.enterprise.system.core.security] [tid: _ThreadID=18 _ThreadName=RunLevelControllerThread-1502088543631] [timeMillis: 1502088543996] [levelValue: 800] [[
  Realm [file] of classtype [com.sun.enterprise.security.auth.realm.file.FileRealm] successfully created.]]

[2017-08-07T12:19:04.003+0530] [glassfish 5.0] [INFO] [NCLS-SECURITY-01115] [javax.enterprise.system.core.security] [tid: _ThreadID=18 _ThreadName=RunLevelControllerThread-1502088543631] [timeMillis: 1502088544003] [levelValue: 800] [[
  Realm [certificate] of classtype [com.sun.enterprise.security.auth.realm.certificate.CertificateRealm] successfully created.]]

[2017-08-07T12:19:04.171+0530] [glassfish 5.0] [INFO] [] [org.hibernate.validator.internal.util.Version] [tid: _ThreadID=16 _ThreadName=RunLevelControllerThread-1502088543621] [timeMillis: 1502088544171] [levelValue: 800] [[
  HV000001: Hibernate Validator 6.0.0.CR3]]

[2017-08-07T12:19:04.348+0530] [glassfish 5.0] [INFO] [SEC-SVCS-00100] [javax.enterprise.security.services] [tid: _ThreadID=18 _ThreadName=RunLevelControllerThread-1502088543631] [timeMillis: 1502088544348] [levelValue: 800] [[
  Authorization Service has successfully initialized.]]

[2017-08-07T12:19:04.600+0530] [glassfish 5.0] [INFO] [] [org.glassfish.ha.store.spi.BackingStoreFactoryRegistry] [tid: _ThreadID=17 _ThreadName=RunLevelControllerThread-1502088543624] [timeMillis: 1502088544600] [levelValue: 800] [[
  Registered org.glassfish.ha.store.adapter.cache.ShoalBackingStoreProxy for persistence-type = replicated in BackingStoreFactoryRegistry]]

[2017-08-07T12:19:04.840+0530] [glassfish 5.0] [INFO] [NCLS-CORE-00087] [javax.enterprise.system.core] [tid: _ThreadID=19 _ThreadName=RunLevelControllerThread-1502088543631] [timeMillis: 1502088544840] [levelValue: 800] [[
  Grizzly Framework 2.4.0 started in: 25ms - bound to [/0.0.0.0:8080]]]

[2017-08-07T12:19:04.879+0530] [glassfish 5.0] [INFO] [NCLS-CORE-00087] [javax.enterprise.system.core] [tid: _ThreadID=19 _ThreadName=RunLevelControllerThread-1502088543631] [timeMillis: 1502088544879] [levelValue: 800] [[
  Grizzly Framework 2.4.0 started in: 2ms - bound to [/0.0.0.0:8181]]]

[2017-08-07T12:19:04.914+0530] [glassfish 5.0] [INFO] [NCLS-CORE-00087] [javax.enterprise.system.core] [tid: _ThreadID=19 _ThreadName=RunLevelControllerThread-1502088543631] [timeMillis: 1502088544914] [levelValue: 800] [[
  Grizzly Framework 2.4.0 started in: 17ms - bound to [/0.0.0.0:4848]]]

[2017-08-07T12:19:04.995+0530] [glassfish 5.0] [INFO] [NCLS-CORE-00087] [javax.enterprise.system.core] [tid: _ThreadID=17 _ThreadName=RunLevelControllerThread-1502088543624] [timeMillis: 1502088544995] [levelValue: 800] [[
  Grizzly Framework 2.4.0 started in: 11ms - bound to [/0.0.0.0:3700]]]

[2017-08-07T12:19:05.467+0530] [glassfish 5.0] [INFO] [NCLS-CORE-00087] [javax.enterprise.system.core] [tid: _ThreadID=52 _ThreadName=pool-9-thread-1] [timeMillis: 1502088545467] [levelValue: 800] [[
  Grizzly Framework 2.4.0 started in: 5ms - bound to [/0.0.0.0:8080]]]

[2017-08-07T12:19:05.501+0530] [glassfish 5.0] [INFO] [NCLS-CORE-00017] [javax.enterprise.system.core] [tid: _ThreadID=1 _ThreadName=main] [timeMillis: 1502088545501] [levelValue: 800] [[
  GlassFish Server Open Source Edition  5.0  (17) startup time : Felix (2,712ms), startup services(1,890ms), total(4,602ms)]]

[2017-08-07T12:19:05.517+0530] [glassfish 5.0] [INFO] [NCLS-CORE-00087] [javax.enterprise.system.core] [tid: _ThreadID=52 _ThreadName=pool-9-thread-1] [timeMillis: 1502088545517] [levelValue: 800] [[
  Grizzly Framework 2.4.0 started in: 15ms - bound to [/0.0.0.0:8181]]]

[2017-08-07T12:19:05.872+0530] [glassfish 5.0] [INFO] [jts.startup_msg] [javax.enterprise.system.core.transaction.com.sun.jts.CosTransactions] [tid: _ThreadID=19 _ThreadName=RunLevelControllerThread-1502088543631] [timeMillis: 1502088545872] [levelValue: 800] [[
  JTS5014: Recoverable JTS instance, serverId = [100]]]

[2017-08-07T12:19:06.808+0530] [glassfish 5.0] [INFO] [NCLS-JMX-00005] [javax.enterprise.system.jmx] [tid: _ThreadID=79 _ThreadName=Thread-15] [timeMillis: 1502088546808] [levelValue: 800] [[
  JMXStartupService has started JMXConnector on JMXService URL service:jmx:rmi://debayan-Latitude-E7440:8686/jndi/rmi://debayan-Latitude-E7440:8686/jmxrmi]]

[2017-08-07T12:19:07.153+0530] [glassfish 5.0] [INFO] [NCLS-CORE-00087] [javax.enterprise.system.core] [tid: _ThreadID=16 _ThreadName=RunLevelControllerThread-1502088543621] [timeMillis: 1502088547153] [levelValue: 800] [[
  Grizzly Framework 2.4.0 started in: 1ms - bound to [/0.0.0.0:7676]]]

[2017-08-07T12:19:07.155+0530] [glassfish 5.0] [INFO] [NCLS-BOOTSTRAP-00027] [javax.enterprise.bootstrap] [tid: _ThreadID=1 _ThreadName=main] [timeMillis: 1502088547155] [levelValue: 800] [[
  Registered com.sun.enterprise.glassfish.bootstrap.osgi.EmbeddedOSGiGlassFishImpl@9c93d16 as OSGi service registration: org.apache.felix.framework.ServiceRegistrationImpl@61ae0d43.]]

[2017-08-07T12:19:07.436+0530] [glassfish 5.0] [INFO] [] [javax.enterprise.system.tools.deployment.common] [tid: _ThreadID=78 _ThreadName=Thread-14] [timeMillis: 1502088547436] [levelValue: 800] [[
  visiting unvisited references]]

[2017-08-07T12:19:08.428+0530] [glassfish 5.0] [INFO] [AS-WEB-GLUE-00198] [javax.enterprise.web] [tid: _ThreadID=78 _ThreadName=Thread-14] [timeMillis: 1502088548428] [levelValue: 800] [[
  Created HTTP listener http-listener-1 on host/port 0.0.0.0:8080]]

[2017-08-07T12:19:08.450+0530] [glassfish 5.0] [INFO] [AS-WEB-GLUE-00198] [javax.enterprise.web] [tid: _ThreadID=78 _ThreadName=Thread-14] [timeMillis: 1502088548450] [levelValue: 800] [[
  Created HTTP listener http-listener-2 on host/port 0.0.0.0:8181]]

[2017-08-07T12:19:08.453+0530] [glassfish 5.0] [INFO] [AS-WEB-GLUE-00198] [javax.enterprise.web] [tid: _ThreadID=78 _ThreadName=Thread-14] [timeMillis: 1502088548453] [levelValue: 800] [[
  Created HTTP listener admin-listener on host/port 0.0.0.0:4848]]

[2017-08-07T12:19:08.475+0530] [glassfish 5.0] [INFO] [NCLS-REST-00001] [javax.enterprise.admin.rest] [tid: _ThreadID=43 _ThreadName=admin-listener(4)] [timeMillis: 1502088548475] [levelValue: 800] [[
  Listening to REST requests at context: /command/domain.]]

[2017-08-07T12:19:08.501+0530] [glassfish 5.0] [INFO] [AS-WEB-GLUE-00200] [javax.enterprise.web] [tid: _ThreadID=78 _ThreadName=Thread-14] [timeMillis: 1502088548501] [levelValue: 800] [[
  Created virtual server server]]

[2017-08-07T12:19:08.509+0530] [glassfish 5.0] [INFO] [AS-WEB-GLUE-00200] [javax.enterprise.web] [tid: _ThreadID=78 _ThreadName=Thread-14] [timeMillis: 1502088548509] [levelValue: 800] [[
  Created virtual server __asadmin]]

[2017-08-07T12:19:09.011+0530] [glassfish 5.0] [INFO] [AS-WEB-CORE-00306] [javax.enterprise.web.core] [tid: _ThreadID=78 _ThreadName=Thread-14] [timeMillis: 1502088549011] [levelValue: 800] [[
  Setting JAAS app name glassfish-web]]

[2017-08-07T12:19:09.014+0530] [glassfish 5.0] [INFO] [AS-WEB-GLUE-00201] [javax.enterprise.web] [tid: _ThreadID=78 _ThreadName=Thread-14] [timeMillis: 1502088549014] [levelValue: 800] [[
  Virtual server server loaded default web module ]]

[2017-08-07T12:19:09.059+0530] [glassfish 5.0] [INFO] [] [javax.enterprise.system.tools.deployment.common] [tid: _ThreadID=43 _ThreadName=admin-listener(4)] [timeMillis: 1502088549059] [levelValue: 800] [[
  visiting unvisited references]]

[2017-08-07T12:19:09.570+0530] [glassfish 5.0] [INFO] [NCLS-SECURITY-01002] [javax.enterprise.system.core.security] [tid: _ThreadID=43 _ThreadName=admin-listener(4)] [timeMillis: 1502088549570] [levelValue: 800] [[
  Java security manager is disabled.]]

[2017-08-07T12:19:09.571+0530] [glassfish 5.0] [INFO] [NCLS-SECURITY-01010] [javax.enterprise.system.core.security] [tid: _ThreadID=43 _ThreadName=admin-listener(4)] [timeMillis: 1502088549571] [levelValue: 800] [[
  Entering Security Startup Service.]]

[2017-08-07T12:19:09.576+0530] [glassfish 5.0] [INFO] [NCLS-SECURITY-01143] [javax.enterprise.system.core.security] [tid: _ThreadID=43 _ThreadName=admin-listener(4)] [timeMillis: 1502088549576] [levelValue: 800] [[
  Loading policy provider com.sun.enterprise.security.provider.PolicyWrapper.]]

[2017-08-07T12:19:09.616+0530] [glassfish 5.0] [INFO] [NCLS-SECURITY-01011] [javax.enterprise.system.core.security] [tid: _ThreadID=43 _ThreadName=admin-listener(4)] [timeMillis: 1502088549616] [levelValue: 800] [[
  Security Service(s) started successfully.]]

[2017-08-07T12:19:09.691+0530] [glassfish 5.0] [INFO] [] [javax.enterprise.system.tools.deployment.common] [tid: _ThreadID=43 _ThreadName=admin-listener(4)] [timeMillis: 1502088549691] [levelValue: 800] [[
  visiting unvisited references]]

[2017-08-07T12:19:09.820+0530] [glassfish 5.0] [INFO] [] [javax.enterprise.system.tools.deployment.common] [tid: _ThreadID=78 _ThreadName=Thread-14] [timeMillis: 1502088549820] [levelValue: 800] [[
  visiting unvisited references]]

[2017-08-07T12:19:09.854+0530] [glassfish 5.0] [INFO] [] [javax.enterprise.system.tools.deployment.common] [tid: _ThreadID=78 _ThreadName=Thread-14] [timeMillis: 1502088549854] [levelValue: 800] [[
  visiting unvisited references]]

[2017-08-07T12:19:09.856+0530] [glassfish 5.0] [INFO] [] [javax.enterprise.system.tools.deployment.common] [tid: _ThreadID=78 _ThreadName=Thread-14] [timeMillis: 1502088549856] [levelValue: 800] [[
  visiting unvisited references]]

[2017-08-07T12:19:09.896+0530] [glassfish 5.0] [INFO] [] [javax.enterprise.system.tools.deployment.common] [tid: _ThreadID=43 _ThreadName=admin-listener(4)] [timeMillis: 1502088549896] [levelValue: 800] [[
  visiting unvisited references]]

[2017-08-07T12:19:09.911+0530] [glassfish 5.0] [INFO] [] [javax.enterprise.system.tools.deployment.common] [tid: _ThreadID=43 _ThreadName=admin-listener(4)] [timeMillis: 1502088549911] [levelValue: 800] [[
  visiting unvisited references]]

[2017-08-07T12:19:10.674+0530] [glassfish 5.0] [INFO] [AS-EJB-00054] [javax.enterprise.ejb.container] [tid: _ThreadID=43 _ThreadName=admin-listener(4)] [timeMillis: 1502088550674] [levelValue: 800] [[
  Portable JNDI names for EJB TestBean: [java:global/executor/TestBean!org.glassfish.executor.TestBean, java:global/executor/TestBean]]]

[2017-08-07T12:19:10.809+0530] [glassfish 5.0] [INFO] [] [org.jboss.weld.Version] [tid: _ThreadID=43 _ThreadName=admin-listener(4)] [timeMillis: 1502088550809] [levelValue: 800] [[
  WELD-000900: 3.0.0 (Final)]]

[2017-08-07T12:19:11.624+0530] [glassfish 5.0] [INFO] [] [org.jboss.weld.Event] [tid: _ThreadID=43 _ThreadName=admin-listener(4)] [timeMillis: 1502088551624] [levelValue: 800] [[
  WELD-000411: Observer method [BackedAnnotatedMethod] org.glassfish.sse.impl.ServerSentEventCdiExtension.processAnnotatedType(@Observes ProcessAnnotatedType<T>, BeanManager) receives events for all annotated types. Consider restricting events using @WithAnnotations or a generic type with bounds.]]

[2017-08-07T12:19:11.638+0530] [glassfish 5.0] [INFO] [] [org.jboss.weld.Event] [tid: _ThreadID=43 _ThreadName=admin-listener(4)] [timeMillis: 1502088551638] [levelValue: 800] [[
  WELD-000411: Observer method [BackedAnnotatedMethod] private org.glassfish.jersey.ext.cdi1x.internal.CdiComponentProvider.processAnnotatedType(@Observes ProcessAnnotatedType) receives events for all annotated types. Consider restricting events using @WithAnnotations or a generic type with bounds.]]

[2017-08-07T12:19:11.645+0530] [glassfish 5.0] [INFO] [] [org.jboss.weld.Event] [tid: _ThreadID=43 _ThreadName=admin-listener(4)] [timeMillis: 1502088551645] [levelValue: 800] [[
  WELD-000411: Observer method [BackedAnnotatedMethod] public org.glassfish.jms.injection.JMSCDIExtension.processAnnotatedType(@Observes ProcessAnnotatedType<T>) receives events for all annotated types. Consider restricting events using @WithAnnotations or a generic type with bounds.]]

[2017-08-07T12:19:11.682+0530] [glassfish 5.0] [WARN] [] [org.jboss.weld.Bootstrap] [tid: _ThreadID=43 _ThreadName=admin-listener(4)] [timeMillis: 1502088551682] [levelValue: 900] [[
  WELD-000146: BeforeBeanDiscovery.addAnnotatedType(AnnotatedType<?>) used for class org.glassfish.jersey.ext.cdi1x.transaction.internal.WebAppExceptionHolder is deprecated from CDI 1.1!]]

[2017-08-07T12:19:11.697+0530] [glassfish 5.0] [WARN] [] [org.jboss.weld.Bootstrap] [tid: _ThreadID=43 _ThreadName=admin-listener(4)] [timeMillis: 1502088551697] [levelValue: 900] [[
  WELD-000146: BeforeBeanDiscovery.addAnnotatedType(AnnotatedType<?>) used for class org.glassfish.jersey.ext.cdi1x.transaction.internal.WebAppExceptionInterceptor is deprecated from CDI 1.1!]]

[2017-08-07T12:19:11.706+0530] [glassfish 5.0] [WARN] [] [org.jboss.weld.Bootstrap] [tid: _ThreadID=43 _ThreadName=admin-listener(4)] [timeMillis: 1502088551706] [levelValue: 900] [[
  WELD-000146: BeforeBeanDiscovery.addAnnotatedType(AnnotatedType<?>) used for class org.glassfish.jersey.ext.cdi1x.transaction.internal.TransactionalExceptionMapper is deprecated from CDI 1.1!]]

[2017-08-07T12:19:11.710+0530] [glassfish 5.0] [WARN] [] [org.jboss.weld.Bootstrap] [tid: _ThreadID=43 _ThreadName=admin-listener(4)] [timeMillis: 1502088551710] [levelValue: 900] [[
  WELD-000146: BeforeBeanDiscovery.addAnnotatedType(AnnotatedType<?>) used for class com.sun.faces.flow.FlowDiscoveryCDIHelper is deprecated from CDI 1.1!]]

[2017-08-07T12:19:11.716+0530] [glassfish 5.0] [WARN] [] [org.jboss.weld.Bootstrap] [tid: _ThreadID=43 _ThreadName=admin-listener(4)] [timeMillis: 1502088551716] [levelValue: 900] [[
  WELD-000146: BeforeBeanDiscovery.addAnnotatedType(AnnotatedType<?>) used for class org.glassfish.jersey.ext.cdi1x.internal.CdiComponentProvider$JaxRsParamProducer is deprecated from CDI 1.1!]]

[2017-08-07T12:19:11.720+0530] [glassfish 5.0] [WARN] [] [org.jboss.weld.Bootstrap] [tid: _ThreadID=43 _ThreadName=admin-listener(4)] [timeMillis: 1502088551720] [levelValue: 900] [[
  WELD-000146: BeforeBeanDiscovery.addAnnotatedType(AnnotatedType<?>) used for class com.ibm.jbatch.container.cdi.BatchProducerBean is deprecated from CDI 1.1!]]

[2017-08-07T12:19:11.751+0530] [glassfish 5.0] [WARN] [] [org.jboss.weld.Bootstrap] [tid: _ThreadID=43 _ThreadName=admin-listener(4)] [timeMillis: 1502088551751] [levelValue: 900] [[
  WELD-000146: BeforeBeanDiscovery.addAnnotatedType(AnnotatedType<?>) used for class org.glassfish.jersey.ext.cdi1x.servlet.internal.CdiExternalRequestScope is deprecated from CDI 1.1!]]

[2017-08-07T12:19:11.782+0530] [glassfish 5.0] [WARN] [] [org.jboss.weld.Bootstrap] [tid: _ThreadID=43 _ThreadName=admin-listener(4)] [timeMillis: 1502088551782] [levelValue: 900] [[
  WELD-000146: BeforeBeanDiscovery.addAnnotatedType(AnnotatedType<?>) used for class org.glassfish.cdi.transaction.TransactionalInterceptorMandatory is deprecated from CDI 1.1!]]

[2017-08-07T12:19:11.785+0530] [glassfish 5.0] [WARN] [] [org.jboss.weld.Bootstrap] [tid: _ThreadID=43 _ThreadName=admin-listener(4)] [timeMillis: 1502088551785] [levelValue: 900] [[
  WELD-000146: BeforeBeanDiscovery.addAnnotatedType(AnnotatedType<?>) used for class org.glassfish.cdi.transaction.TransactionalInterceptorNever is deprecated from CDI 1.1!]]

[2017-08-07T12:19:11.787+0530] [glassfish 5.0] [WARN] [] [org.jboss.weld.Bootstrap] [tid: _ThreadID=43 _ThreadName=admin-listener(4)] [timeMillis: 1502088551787] [levelValue: 900] [[
  WELD-000146: BeforeBeanDiscovery.addAnnotatedType(AnnotatedType<?>) used for class org.glassfish.cdi.transaction.TransactionalInterceptorNotSupported is deprecated from CDI 1.1!]]

[2017-08-07T12:19:11.791+0530] [glassfish 5.0] [WARN] [] [org.jboss.weld.Bootstrap] [tid: _ThreadID=43 _ThreadName=admin-listener(4)] [timeMillis: 1502088551791] [levelValue: 900] [[
  WELD-000146: BeforeBeanDiscovery.addAnnotatedType(AnnotatedType<?>) used for class org.glassfish.cdi.transaction.TransactionalInterceptorRequired is deprecated from CDI 1.1!]]

[2017-08-07T12:19:11.794+0530] [glassfish 5.0] [WARN] [] [org.jboss.weld.Bootstrap] [tid: _ThreadID=43 _ThreadName=admin-listener(4)] [timeMillis: 1502088551794] [levelValue: 900] [[
  WELD-000146: BeforeBeanDiscovery.addAnnotatedType(AnnotatedType<?>) used for class org.glassfish.cdi.transaction.TransactionalInterceptorRequiresNew is deprecated from CDI 1.1!]]

[2017-08-07T12:19:11.796+0530] [glassfish 5.0] [WARN] [] [org.jboss.weld.Bootstrap] [tid: _ThreadID=43 _ThreadName=admin-listener(4)] [timeMillis: 1502088551796] [levelValue: 900] [[
  WELD-000146: BeforeBeanDiscovery.addAnnotatedType(AnnotatedType<?>) used for class org.glassfish.cdi.transaction.TransactionalInterceptorSupports is deprecated from CDI 1.1!]]

[2017-08-07T12:19:12.080+0530] [glassfish 5.0] [INFO] [jsf.config.listener.version] [javax.enterprise.resource.webcontainer.jsf.config] [tid: _ThreadID=78 _ThreadName=Thread-14] [timeMillis: 1502088552080] [levelValue: 800] [[
  Initializing Mojarra 2.3.2 ( 20170627-2139 e63598abf2ed2bb1a24674f308a734e0dce18a72) for context '']]

[2017-08-07T12:19:13.121+0530] [glassfish 5.0] [INFO] [] [org.glassfish.soteria.servlet.SamRegistrationInstaller] [tid: _ThreadID=43 _ThreadName=admin-listener(4)] [timeMillis: 1502088553121] [levelValue: 800] [[
  Initializing Soteria 1.0-b10 for context '/executor']]

[2017-08-07T12:19:13.245+0530] [glassfish 5.0] [INFO] [jsf.config.listener.version] [javax.enterprise.resource.webcontainer.jsf.config] [tid: _ThreadID=43 _ThreadName=admin-listener(4)] [timeMillis: 1502088553245] [levelValue: 800] [[
  Initializing Mojarra 2.3.2 ( 20170627-2139 e63598abf2ed2bb1a24674f308a734e0dce18a72) for context '/executor']]

[2017-08-07T12:19:14.128+0530] [glassfish 5.0] [INFO] [AS-WEB-GLUE-00172] [javax.enterprise.web] [tid: _ThreadID=78 _ThreadName=Thread-14] [timeMillis: 1502088554128] [levelValue: 800] [[
  Loading application [__admingui] at [/]]]

[2017-08-07T12:19:14.130+0530] [glassfish 5.0] [INFO] [NCLS-CORE-00022] [javax.enterprise.system.core] [tid: _ThreadID=78 _ThreadName=Thread-14] [timeMillis: 1502088554130] [levelValue: 800] [[
  Loading application __admingui done in 7,901 ms]]

[2017-08-07T12:19:14.200+0530] [glassfish 5.0] [INFO] [AS-WEB-GLUE-00172] [javax.enterprise.web] [tid: _ThreadID=43 _ThreadName=admin-listener(4)] [timeMillis: 1502088554200] [levelValue: 800] [[
  Loading application [executor] at [/executor]]]

[2017-08-07T12:19:14.245+0530] [glassfish 5.0] [INFO] [] [javax.enterprise.system.core] [tid: _ThreadID=43 _ThreadName=admin-listener(4)] [timeMillis: 1502088554245] [levelValue: 800] [[
  executor was successfully deployed in 5,570 milliseconds.]]

[2017-08-07T12:19:14.777+0530] [glassfish 5.0] [INFO] [] [javax.enterprise.system.tools.deployment.common] [tid: _ThreadID=40 _ThreadName=admin-listener(1)] [timeMillis: 1502088554777] [levelValue: 800] [[
  visiting unvisited references]]

[2017-08-07T12:19:14.885+0530] [glassfish 5.0] [INFO] [AS-WEB-GLUE-00172] [javax.enterprise.web] [tid: _ThreadID=40 _ThreadName=admin-listener(1)] [timeMillis: 1502088554885] [levelValue: 800] [[
  Loading application [cargocpc] at [/cargocpc]]]

[2017-08-07T12:19:14.935+0530] [glassfish 5.0] [INFO] [] [javax.enterprise.system.core] [tid: _ThreadID=40 _ThreadName=admin-listener(1)] [timeMillis: 1502088554935] [levelValue: 800] [[
  cargocpc was successfully deployed in 184 milliseconds.]]

