[2017-08-07T11:38:40.535+0530] [] [INFO] [NCLS-GFLAUNCHER-00005] [javax.enterprise.launcher] [tid: _ThreadID=1 _ThreadName=main] [timeMillis: 1502086120535] [levelValue: 800] [[
  JVM invocation command line:
/usr/lib/jdk1.8.0_45/bin/java
-cp
/home/debayan/glassfish_github/glassfish_sample/glassfish-samples/ws/javaee8/batch/target/cargo/installs/latest-glassfish/glassfish5/glassfish/modules/glassfish.jar
-XX:+UnlockDiagnosticVMOptions
-XX:NewRatio=2
-XX:MaxPermSize=192m
-Xmx512m
-client
-javaagent:/home/debayan/glassfish_github/glassfish_sample/glassfish-samples/ws/javaee8/batch/target/cargo/installs/latest-glassfish/glassfish5/glassfish/lib/monitor/flashlight-agent.jar
-Djavax.xml.accessExternalSchema=all
-Djavax.net.ssl.trustStore=/home/debayan/glassfish_github/glassfish_sample/glassfish-samples/ws/javaee8/batch/target/cargo/installs/glassfish/glassfish/domains/cargo-domain/config/cacerts.jks
-Djdk.tls.rejectClientInitiatedRenegotiation=true
-Djdk.corba.allowOutputStreamSubclass=true
-Dfelix.fileinstall.dir=/home/debayan/glassfish_github/glassfish_sample/glassfish-samples/ws/javaee8/batch/target/cargo/installs/latest-glassfish/glassfish5/glassfish/modules/autostart/
-Dorg.glassfish.additionalOSGiBundlesToStart=org.apache.felix.shell,org.apache.felix.gogo.runtime,org.apache.felix.gogo.shell,org.apache.felix.gogo.command,org.apache.felix.shell.remote,org.apache.felix.fileinstall
-Dcom.sun.aas.installRoot=/home/debayan/glassfish_github/glassfish_sample/glassfish-samples/ws/javaee8/batch/target/cargo/installs/latest-glassfish/glassfish5/glassfish
-Dfelix.fileinstall.poll=5000
-Djava.endorsed.dirs=/home/debayan/glassfish_github/glassfish_sample/glassfish-samples/ws/javaee8/batch/target/cargo/installs/latest-glassfish/glassfish5/glassfish/modules/endorsed:/home/debayan/glassfish_github/glassfish_sample/glassfish-samples/ws/javaee8/batch/target/cargo/installs/latest-glassfish/glassfish5/glassfish/lib/endorsed
-Djava.security.policy=/home/debayan/glassfish_github/glassfish_sample/glassfish-samples/ws/javaee8/batch/target/cargo/installs/glassfish/glassfish/domains/cargo-domain/config/server.policy
-Dosgi.shell.telnet.maxconn=1
-Dfelix.fileinstall.bundles.startTransient=true
-Dcom.sun.enterprise.config.config_environment_factory_class=com.sun.enterprise.config.serverbeans.AppserverConfigEnvironmentFactory
-Dfelix.fileinstall.log.level=2
-Djavax.net.ssl.keyStore=/home/debayan/glassfish_github/glassfish_sample/glassfish-samples/ws/javaee8/batch/target/cargo/installs/glassfish/glassfish/domains/cargo-domain/config/keystore.jks
-Djava.security.auth.login.config=/home/debayan/glassfish_github/glassfish_sample/glassfish-samples/ws/javaee8/batch/target/cargo/installs/glassfish/glassfish/domains/cargo-domain/config/login.conf
-Dfelix.fileinstall.disableConfigSave=false
-Dfelix.fileinstall.bundles.new.start=true
-Dcom.sun.aas.instanceRoot=/home/debayan/glassfish_github/glassfish_sample/glassfish-samples/ws/javaee8/batch/target/cargo/installs/glassfish/glassfish/domains/cargo-domain
-Dosgi.shell.telnet.port=6666
-Dgosh.args=--nointeractive
-Dcom.sun.enterprise.security.httpsOutboundKeyAlias=s1as
-Dosgi.shell.telnet.ip=127.0.0.1
-DANTLR_USE_DIRECT_CLASS_LOADING=true
-Djava.awt.headless=true
-Dcom.ctc.wstx.returnNullForDefaultNamespace=true
-Djava.ext.dirs=/usr/lib/jdk1.8.0_45/lib/ext:/usr/lib/jdk1.8.0_45/jre/lib/ext:/home/debayan/glassfish_github/glassfish_sample/glassfish-samples/ws/javaee8/batch/target/cargo/installs/glassfish/glassfish/domains/cargo-domain/lib/ext
-Djdbc.drivers=org.apache.derby.jdbc.ClientDriver
-Djava.library.path=/home/debayan/glassfish_github/glassfish_sample/glassfish-samples/ws/javaee8/batch/target/cargo/installs/latest-glassfish/glassfish5/glassfish/lib:/usr/java/packages/lib/amd64:/usr/lib64:/lib64:/lib:/usr/lib
com.sun.enterprise.glassfish.bootstrap.ASMain
-upgrade
false
-domaindir
/home/debayan/glassfish_github/glassfish_sample/glassfish-samples/ws/javaee8/batch/target/cargo/installs/glassfish/glassfish/domains/cargo-domain
-read-stdin
true
-asadmin-args
--host,,,localhost,,,--port,,,4848,,,--secure=false,,,--terse=false,,,--echo=false,,,--interactive=false,,,start-domain,,,--verbose=false,,,--watchdog=false,,,--debug=false,,,--domaindir,,,/home/debayan/glassfish_github/glassfish_sample/glassfish-samples/ws/javaee8/batch/target/cargo/installs/glassfish/glassfish/domains,,,cargo-domain
-domainname
cargo-domain
-instancename
server
-type
DAS
-verbose
false
-asadmin-classpath
/home/debayan/glassfish_github/glassfish_sample/glassfish-samples/ws/javaee8/batch/target/cargo/installs/latest-glassfish/glassfish5/glassfish/modules/admin-cli.jar
-debug
false
-asadmin-classname
com.sun.enterprise.admin.cli.AdminMain]]

[2017-08-07T11:38:44.506+0530] [glassfish 5.0] [INFO] [NCLS-LOGGING-00009] [javax.enterprise.logging] [tid: _ThreadID=17 _ThreadName=RunLevelControllerThread-1502086124218] [timeMillis: 1502086124506] [levelValue: 800] [[
  Running GlassFish Version: GlassFish Server Open Source Edition  5.0  (build 17)]]

[2017-08-07T11:38:44.509+0530] [glassfish 5.0] [INFO] [NCLS-LOGGING-00010] [javax.enterprise.logging] [tid: _ThreadID=17 _ThreadName=RunLevelControllerThread-1502086124218] [timeMillis: 1502086124509] [levelValue: 800] [[
  Server log file is using Formatter class: com.sun.enterprise.server.logging.ODLLogFormatter]]

[2017-08-07T11:38:44.779+0530] [glassfish 5.0] [INFO] [NCLS-SECURITY-01115] [javax.enterprise.system.core.security] [tid: _ThreadID=19 _ThreadName=RunLevelControllerThread-1502086124232] [timeMillis: 1502086124779] [levelValue: 800] [[
  Realm [admin-realm] of classtype [com.sun.enterprise.security.auth.realm.file.FileRealm] successfully created.]]

[2017-08-07T11:38:44.782+0530] [glassfish 5.0] [INFO] [NCLS-SECURITY-01115] [javax.enterprise.system.core.security] [tid: _ThreadID=19 _ThreadName=RunLevelControllerThread-1502086124232] [timeMillis: 1502086124782] [levelValue: 800] [[
  Realm [file] of classtype [com.sun.enterprise.security.auth.realm.file.FileRealm] successfully created.]]

[2017-08-07T11:38:44.789+0530] [glassfish 5.0] [INFO] [NCLS-SECURITY-01115] [javax.enterprise.system.core.security] [tid: _ThreadID=19 _ThreadName=RunLevelControllerThread-1502086124232] [timeMillis: 1502086124789] [levelValue: 800] [[
  Realm [certificate] of classtype [com.sun.enterprise.security.auth.realm.certificate.CertificateRealm] successfully created.]]

[2017-08-07T11:38:45.089+0530] [glassfish 5.0] [INFO] [] [org.hibernate.validator.internal.util.Version] [tid: _ThreadID=24 _ThreadName=RunLevelControllerThread-1502086124839] [timeMillis: 1502086125089] [levelValue: 800] [[
  HV000001: Hibernate Validator 6.0.0.CR3]]

[2017-08-07T11:38:45.224+0530] [glassfish 5.0] [INFO] [SEC-SVCS-00100] [javax.enterprise.security.services] [tid: _ThreadID=18 _ThreadName=RunLevelControllerThread-1502086124230] [timeMillis: 1502086125224] [levelValue: 800] [[
  Authorization Service has successfully initialized.]]

[2017-08-07T11:38:45.280+0530] [glassfish 5.0] [INFO] [] [org.glassfish.ha.store.spi.BackingStoreFactoryRegistry] [tid: _ThreadID=17 _ThreadName=RunLevelControllerThread-1502086124218] [timeMillis: 1502086125280] [levelValue: 800] [[
  Registered org.glassfish.ha.store.adapter.cache.ShoalBackingStoreProxy for persistence-type = replicated in BackingStoreFactoryRegistry]]

[2017-08-07T11:38:45.863+0530] [glassfish 5.0] [INFO] [NCLS-CORE-00087] [javax.enterprise.system.core] [tid: _ThreadID=16 _ThreadName=RunLevelControllerThread-1502086124217] [timeMillis: 1502086125863] [levelValue: 800] [[
  Grizzly Framework 2.4.0 started in: 64ms - bound to [/0.0.0.0:8080]]]

[2017-08-07T11:38:45.938+0530] [glassfish 5.0] [INFO] [NCLS-CORE-00087] [javax.enterprise.system.core] [tid: _ThreadID=16 _ThreadName=RunLevelControllerThread-1502086124217] [timeMillis: 1502086125938] [levelValue: 800] [[
  Grizzly Framework 2.4.0 started in: 5ms - bound to [/0.0.0.0:8181]]]

[2017-08-07T11:38:45.954+0530] [glassfish 5.0] [INFO] [NCLS-CORE-00087] [javax.enterprise.system.core] [tid: _ThreadID=16 _ThreadName=RunLevelControllerThread-1502086124217] [timeMillis: 1502086125954] [levelValue: 800] [[
  Grizzly Framework 2.4.0 started in: 7ms - bound to [/0.0.0.0:4848]]]

[2017-08-07T11:38:46.063+0530] [glassfish 5.0] [INFO] [NCLS-CORE-00087] [javax.enterprise.system.core] [tid: _ThreadID=17 _ThreadName=RunLevelControllerThread-1502086124218] [timeMillis: 1502086126063] [levelValue: 800] [[
  Grizzly Framework 2.4.0 started in: 21ms - bound to [/0.0.0.0:3700]]]

[2017-08-07T11:38:46.669+0530] [glassfish 5.0] [INFO] [NCLS-CORE-00017] [javax.enterprise.system.core] [tid: _ThreadID=1 _ThreadName=main] [timeMillis: 1502086126669] [levelValue: 800] [[
  GlassFish Server Open Source Edition  5.0  (17) startup time : Felix (3,328ms), startup services(2,460ms), total(5,788ms)]]

[2017-08-07T11:38:46.917+0530] [glassfish 5.0] [INFO] [jts.startup_msg] [javax.enterprise.system.core.transaction.com.sun.jts.CosTransactions] [tid: _ThreadID=18 _ThreadName=RunLevelControllerThread-1502086124230] [timeMillis: 1502086126917] [levelValue: 800] [[
  JTS5014: Recoverable JTS instance, serverId = [100]]]

[2017-08-07T11:38:47.400+0530] [glassfish 5.0] [INFO] [NCLS-CORE-00087] [javax.enterprise.system.core] [tid: _ThreadID=67 _ThreadName=pool-14-thread-1] [timeMillis: 1502086127400] [levelValue: 800] [[
  Grizzly Framework 2.4.0 started in: 12ms - bound to [/0.0.0.0:8080]]]

[2017-08-07T11:38:47.791+0530] [glassfish 5.0] [INFO] [NCLS-CORE-00087] [javax.enterprise.system.core] [tid: _ThreadID=67 _ThreadName=pool-14-thread-1] [timeMillis: 1502086127791] [levelValue: 800] [[
  Grizzly Framework 2.4.0 started in: 304ms - bound to [/0.0.0.0:8181]]]

[2017-08-07T11:38:47.831+0530] [glassfish 5.0] [INFO] [NCLS-JMX-00005] [javax.enterprise.system.jmx] [tid: _ThreadID=64 _ThreadName=Thread-16] [timeMillis: 1502086127831] [levelValue: 800] [[
  JMXStartupService has started JMXConnector on JMXService URL service:jmx:rmi://debayan-Latitude-E7440:8686/jndi/rmi://debayan-Latitude-E7440:8686/jmxrmi]]

[2017-08-07T11:38:48.013+0530] [glassfish 5.0] [INFO] [NCLS-CORE-00087] [javax.enterprise.system.core] [tid: _ThreadID=17 _ThreadName=RunLevelControllerThread-1502086124218] [timeMillis: 1502086128013] [levelValue: 800] [[
  Grizzly Framework 2.4.0 started in: 13ms - bound to [/0.0.0.0:7676]]]

[2017-08-07T11:38:48.015+0530] [glassfish 5.0] [INFO] [NCLS-BOOTSTRAP-00027] [javax.enterprise.bootstrap] [tid: _ThreadID=1 _ThreadName=main] [timeMillis: 1502086128015] [levelValue: 800] [[
  Registered com.sun.enterprise.glassfish.bootstrap.osgi.EmbeddedOSGiGlassFishImpl@9c93d16 as OSGi service registration: org.apache.felix.framework.ServiceRegistrationImpl@61ae0d43.]]

[2017-08-07T11:38:49.149+0530] [glassfish 5.0] [INFO] [] [javax.enterprise.system.tools.deployment.common] [tid: _ThreadID=96 _ThreadName=Thread-20] [timeMillis: 1502086129149] [levelValue: 800] [[
  visiting unvisited references]]

[2017-08-07T11:38:50.320+0530] [glassfish 5.0] [INFO] [AS-WEB-GLUE-00198] [javax.enterprise.web] [tid: _ThreadID=96 _ThreadName=Thread-20] [timeMillis: 1502086130320] [levelValue: 800] [[
  Created HTTP listener http-listener-1 on host/port 0.0.0.0:8080]]

[2017-08-07T11:38:50.332+0530] [glassfish 5.0] [INFO] [AS-WEB-GLUE-00198] [javax.enterprise.web] [tid: _ThreadID=96 _ThreadName=Thread-20] [timeMillis: 1502086130332] [levelValue: 800] [[
  Created HTTP listener http-listener-2 on host/port 0.0.0.0:8181]]

[2017-08-07T11:38:50.335+0530] [glassfish 5.0] [INFO] [AS-WEB-GLUE-00198] [javax.enterprise.web] [tid: _ThreadID=96 _ThreadName=Thread-20] [timeMillis: 1502086130335] [levelValue: 800] [[
  Created HTTP listener admin-listener on host/port 0.0.0.0:4848]]

[2017-08-07T11:38:50.374+0530] [glassfish 5.0] [INFO] [AS-WEB-GLUE-00200] [javax.enterprise.web] [tid: _ThreadID=96 _ThreadName=Thread-20] [timeMillis: 1502086130374] [levelValue: 800] [[
  Created virtual server server]]

[2017-08-07T11:38:50.386+0530] [glassfish 5.0] [INFO] [AS-WEB-GLUE-00200] [javax.enterprise.web] [tid: _ThreadID=96 _ThreadName=Thread-20] [timeMillis: 1502086130386] [levelValue: 800] [[
  Created virtual server __asadmin]]

[2017-08-07T11:38:50.867+0530] [glassfish 5.0] [INFO] [AS-WEB-CORE-00306] [javax.enterprise.web.core] [tid: _ThreadID=96 _ThreadName=Thread-20] [timeMillis: 1502086130867] [levelValue: 800] [[
  Setting JAAS app name glassfish-web]]

[2017-08-07T11:38:50.873+0530] [glassfish 5.0] [INFO] [AS-WEB-GLUE-00201] [javax.enterprise.web] [tid: _ThreadID=96 _ThreadName=Thread-20] [timeMillis: 1502086130873] [levelValue: 800] [[
  Virtual server server loaded default web module ]]

[2017-08-07T11:38:51.225+0530] [glassfish 5.0] [INFO] [NCLS-REST-00001] [javax.enterprise.admin.rest] [tid: _ThreadID=43 _ThreadName=admin-listener(2)] [timeMillis: 1502086131225] [levelValue: 800] [[
  Listening to REST requests at context: /command/domain.]]

[2017-08-07T11:38:51.715+0530] [glassfish 5.0] [INFO] [] [javax.enterprise.system.tools.deployment.common] [tid: _ThreadID=43 _ThreadName=admin-listener(2)] [timeMillis: 1502086131715] [levelValue: 800] [[
  visiting unvisited references]]

[2017-08-07T11:38:52.138+0530] [glassfish 5.0] [INFO] [NCLS-SECURITY-01002] [javax.enterprise.system.core.security] [tid: _ThreadID=43 _ThreadName=admin-listener(2)] [timeMillis: 1502086132138] [levelValue: 800] [[
  Java security manager is disabled.]]

[2017-08-07T11:38:52.139+0530] [glassfish 5.0] [INFO] [NCLS-SECURITY-01010] [javax.enterprise.system.core.security] [tid: _ThreadID=43 _ThreadName=admin-listener(2)] [timeMillis: 1502086132139] [levelValue: 800] [[
  Entering Security Startup Service.]]

[2017-08-07T11:38:52.145+0530] [glassfish 5.0] [INFO] [NCLS-SECURITY-01143] [javax.enterprise.system.core.security] [tid: _ThreadID=43 _ThreadName=admin-listener(2)] [timeMillis: 1502086132145] [levelValue: 800] [[
  Loading policy provider com.sun.enterprise.security.provider.PolicyWrapper.]]

[2017-08-07T11:38:52.212+0530] [glassfish 5.0] [INFO] [NCLS-SECURITY-01011] [javax.enterprise.system.core.security] [tid: _ThreadID=43 _ThreadName=admin-listener(2)] [timeMillis: 1502086132212] [levelValue: 800] [[
  Security Service(s) started successfully.]]

[2017-08-07T11:38:52.668+0530] [glassfish 5.0] [INFO] [] [javax.enterprise.system.tools.deployment.common] [tid: _ThreadID=96 _ThreadName=Thread-20] [timeMillis: 1502086132668] [levelValue: 800] [[
  visiting unvisited references]]

[2017-08-07T11:38:52.727+0530] [glassfish 5.0] [INFO] [] [javax.enterprise.system.tools.deployment.common] [tid: _ThreadID=96 _ThreadName=Thread-20] [timeMillis: 1502086132727] [levelValue: 800] [[
  visiting unvisited references]]

[2017-08-07T11:38:52.730+0530] [glassfish 5.0] [INFO] [] [javax.enterprise.system.tools.deployment.common] [tid: _ThreadID=96 _ThreadName=Thread-20] [timeMillis: 1502086132730] [levelValue: 800] [[
  visiting unvisited references]]

[2017-08-07T11:38:52.783+0530] [glassfish 5.0] [INFO] [AS-WEB-GLUE-00172] [javax.enterprise.web] [tid: _ThreadID=43 _ThreadName=admin-listener(2)] [timeMillis: 1502086132783] [levelValue: 800] [[
  Loading application [cargocpc] at [/cargocpc]]]

[2017-08-07T11:38:52.837+0530] [glassfish 5.0] [INFO] [] [javax.enterprise.system.core] [tid: _ThreadID=43 _ThreadName=admin-listener(2)] [timeMillis: 1502086132837] [levelValue: 800] [[
  cargocpc was successfully deployed in 1,430 milliseconds.]]

[2017-08-07T11:38:54.572+0530] [glassfish 5.0] [INFO] [jsf.config.listener.version] [javax.enterprise.resource.webcontainer.jsf.config] [tid: _ThreadID=96 _ThreadName=Thread-20] [timeMillis: 1502086134572] [levelValue: 800] [[
  Initializing Mojarra 2.3.2 ( 20170627-2139 e63598abf2ed2bb1a24674f308a734e0dce18a72) for context '']]

[2017-08-07T11:38:56.292+0530] [glassfish 5.0] [INFO] [AS-WEB-GLUE-00172] [javax.enterprise.web] [tid: _ThreadID=96 _ThreadName=Thread-20] [timeMillis: 1502086136292] [levelValue: 800] [[
  Loading application [__admingui] at [/]]]

[2017-08-07T11:38:56.293+0530] [glassfish 5.0] [INFO] [NCLS-CORE-00022] [javax.enterprise.system.core] [tid: _ThreadID=96 _ThreadName=Thread-20] [timeMillis: 1502086136293] [levelValue: 800] [[
  Loading application __admingui done in 7,903 ms]]

[2017-08-07T11:41:09.017+0530] [glassfish 5.0] [INFO] [] [] [tid: _ThreadID=10 _ThreadName=Thread-8] [timeMillis: 1502086269017] [levelValue: 800] [[
  FileMonitoring shutdown]]

